<?xml version="1.0" encoding="UTF-8"?>
<testng-results ignored="0" total="7" passed="6" failed="1" skipped="0">
  <reporter-output>
    <line>
      <![CDATA[Page is displayed in alphabetical order]]>
    </line>
  </reporter-output>
  <suite started-at="2023-06-22T15:45:13 IST" name="Default suite" finished-at="2023-06-22T15:47:25 IST" duration-ms="131641">
    <groups>
      <group name="cucumber">
        <method signature="AbstractTestNGCucumberTests.runScenario(io.cucumber.testng.PickleWrapper,io.cucumber.testng.FeatureWrapper)[pri:0, instance:com.cucumber.runner.CucumberRunner@4310d43]" name="runScenario" class="io.cucumber.testng.AbstractTestNGCucumberTests"/>
      </group> <!-- cucumber -->
    </groups>
    <test started-at="2023-06-22T15:45:13 IST" name="Default test" finished-at="2023-06-22T15:47:25 IST" duration-ms="131641">
      <class name="com.cucumber.runner.CucumberRunner">
        <test-method is-config="true" signature="setUpClass()[pri:0, instance:com.cucumber.runner.CucumberRunner@4310d43]" started-at="2023-06-22T15:45:13 IST" name="setUpClass" finished-at="2023-06-22T15:45:14 IST" duration-ms="726" status="PASS">
          <reporter-output>
          </reporter-output>
        </test-method> <!-- setUpClass -->
        <test-method signature="runScenario(io.cucumber.testng.PickleWrapper,io.cucumber.testng.FeatureWrapper)[pri:0, instance:com.cucumber.runner.CucumberRunner@4310d43]" started-at="2023-06-22T15:45:14 IST" name="runScenario" description="Runs Cucumber Scenarios" data-provider="scenarios" finished-at="2023-06-22T15:45:36 IST" duration-ms="21826" status="PASS">
          <params>
            <param index="0">
              <value>
                <![CDATA["Verify user can choose Name: A-Z in sort by dropdown"]]>
              </value>
            </param>
            <param index="1">
              <value>
                <![CDATA["Optional[Books]"]]>
              </value>
            </param>
          </params>
          <reporter-output>
            <line>
              <![CDATA[Page is displayed in alphabetical order]]>
            </line>
          </reporter-output>
        </test-method> <!-- runScenario -->
        <test-method signature="runScenario(io.cucumber.testng.PickleWrapper,io.cucumber.testng.FeatureWrapper)[pri:0, instance:com.cucumber.runner.CucumberRunner@4310d43]" started-at="2023-06-22T15:45:36 IST" name="runScenario" description="Runs Cucumber Scenarios" data-provider="scenarios" finished-at="2023-06-22T15:45:59 IST" duration-ms="23044" status="PASS">
          <params>
            <param index="0">
              <value>
                <![CDATA["Verify if user can add computing and network book to cart"]]>
              </value>
            </param>
            <param index="1">
              <value>
                <![CDATA["Optional[Books]"]]>
              </value>
            </param>
          </params>
          <reporter-output>
          </reporter-output>
        </test-method> <!-- runScenario -->
        <test-method signature="runScenario(io.cucumber.testng.PickleWrapper,io.cucumber.testng.FeatureWrapper)[pri:0, instance:com.cucumber.runner.CucumberRunner@4310d43]" started-at="2023-06-22T15:45:59 IST" name="runScenario" description="Runs Cucumber Scenarios" data-provider="scenarios" finished-at="2023-06-22T15:46:26 IST" duration-ms="27474" status="FAIL">
          <params>
            <param index="0">
              <value>
                <![CDATA["Verify is user can add Health Book to wishlist"]]>
              </value>
            </param>
            <param index="1">
              <value>
                <![CDATA["Optional[Books]"]]>
              </value>
            </param>
          </params>
          <exception class="java.lang.AssertionError">
            <message>
              <![CDATA[expected [Health Book] but found [Create Your Own Jewelry]]]>
            </message>
            <full-stacktrace>
              <![CDATA[java.lang.AssertionError: expected [Health Book] but found [Create Your Own Jewelry]
at org.testng.Assert.fail(Assert.java:99)
at org.testng.Assert.failNotEquals(Assert.java:1037)
at org.testng.Assert.assertEqualsImpl(Assert.java:140)
at org.testng.Assert.assertEquals(Assert.java:122)
at org.testng.Assert.assertEquals(Assert.java:629)
at org.testng.Assert.assertEquals(Assert.java:639)
at com.cucumber.stepDefinitions.Books.product_should_be_added_to_wishlist(Books.java:105)
at âœ½.product should be added to wishlist(file:///C:/Users/User/eclipse-workspace/LearningCucumber/./src/test/java/com/cucumber/features/Books.feature:27)
]]>
            </full-stacktrace>
          </exception> <!-- java.lang.AssertionError -->
          <reporter-output>
          </reporter-output>
        </test-method> <!-- runScenario -->
        <test-method signature="runScenario(io.cucumber.testng.PickleWrapper,io.cucumber.testng.FeatureWrapper)[pri:0, instance:com.cucumber.runner.CucumberRunner@4310d43]" started-at="2023-06-22T15:46:26 IST" name="runScenario" description="Runs Cucumber Scenarios" data-provider="scenarios" finished-at="2023-06-22T15:46:33 IST" duration-ms="6952" status="PASS">
          <params>
            <param index="0">
              <value>
                <![CDATA["Verify user can login using valid credentials"]]>
              </value>
            </param>
            <param index="1">
              <value>
                <![CDATA["Optional[Login]"]]>
              </value>
            </param>
          </params>
          <reporter-output>
          </reporter-output>
        </test-method> <!-- runScenario -->
        <test-method signature="runScenario(io.cucumber.testng.PickleWrapper,io.cucumber.testng.FeatureWrapper)[pri:0, instance:com.cucumber.runner.CucumberRunner@4310d43]" started-at="2023-06-22T15:46:33 IST" name="runScenario" description="Runs Cucumber Scenarios" data-provider="scenarios" finished-at="2023-06-22T15:46:44 IST" duration-ms="10849" status="PASS">
          <params>
            <param index="0">
              <value>
                <![CDATA["Verify user can register using valid credentials"]]>
              </value>
            </param>
            <param index="1">
              <value>
                <![CDATA["Optional[Register]"]]>
              </value>
            </param>
          </params>
          <reporter-output>
          </reporter-output>
        </test-method> <!-- runScenario -->
        <test-method signature="runScenario(io.cucumber.testng.PickleWrapper,io.cucumber.testng.FeatureWrapper)[pri:0, instance:com.cucumber.runner.CucumberRunner@4310d43]" started-at="2023-06-22T15:46:44 IST" name="runScenario" description="Runs Cucumber Scenarios" data-provider="scenarios" finished-at="2023-06-22T15:46:56 IST" duration-ms="11863" status="PASS">
          <params>
            <param index="0">
              <value>
                <![CDATA["Verify user can register using valid credentials"]]>
              </value>
            </param>
            <param index="1">
              <value>
                <![CDATA["Optional[Register]"]]>
              </value>
            </param>
          </params>
          <reporter-output>
          </reporter-output>
        </test-method> <!-- runScenario -->
        <test-method signature="runScenario(io.cucumber.testng.PickleWrapper,io.cucumber.testng.FeatureWrapper)[pri:0, instance:com.cucumber.runner.CucumberRunner@4310d43]" started-at="2023-06-22T15:46:56 IST" name="runScenario" description="Runs Cucumber Scenarios" data-provider="scenarios" finished-at="2023-06-22T15:47:25 IST" duration-ms="28387" status="PASS">
          <params>
            <param index="0">
              <value>
                <![CDATA["Verify user can add Smartphone to cart ater login"]]>
              </value>
            </param>
            <param index="1">
              <value>
                <![CDATA["Optional[Electronics]"]]>
              </value>
            </param>
          </params>
          <reporter-output>
          </reporter-output>
        </test-method> <!-- runScenario -->
        <test-method is-config="true" signature="tearDownClass()[pri:0, instance:com.cucumber.runner.CucumberRunner@4310d43]" started-at="2023-06-22T15:47:25 IST" name="tearDownClass" finished-at="2023-06-22T15:47:25 IST" duration-ms="440" status="PASS">
          <reporter-output>
          </reporter-output>
        </test-method> <!-- tearDownClass -->
      </class> <!-- com.cucumber.runner.CucumberRunner -->
    </test> <!-- Default test -->
  </suite> <!-- Default suite -->
</testng-results>
