<?xml version="1.0" encoding="UTF-8"?>
<!-- Generated by org.testng.reporters.JUnitReportReporter -->
<testsuite hostname="TYSS-Yogita" failures="1" tests="7" name="com.cucumber.runner.CucumberRunner" time="130.395" errors="0" timestamp="2023-06-22T15:47:25 IST" skipped="0">
  <testcase classname="com.cucumber.runner.CucumberRunner" name="runScenario" time="23.044"/>
  <system-out/>
  <testcase classname="com.cucumber.runner.CucumberRunner" name="runScenario" time="11.863"/>
  <system-out/>
  <testcase classname="com.cucumber.runner.CucumberRunner" name="runScenario" time="28.387"/>
  <system-out/>
  <testcase classname="com.cucumber.runner.CucumberRunner" name="runScenario" time="21.826"/>
  <system-out>
    <![CDATA[Page is displayed in alphabetical order]]>
  </system-out>
  <testcase classname="com.cucumber.runner.CucumberRunner" name="runScenario" time="6.952"/>
  <system-out/>
  <testcase classname="com.cucumber.runner.CucumberRunner" name="runScenario" time="10.849"/>
  <system-out/>
  <testcase classname="com.cucumber.runner.CucumberRunner" name="runScenario" time="27.474">
    <failure message="expected [Health Book] but found [Create Your Own Jewelry]" type="java.lang.AssertionError">
      <![CDATA[java.lang.AssertionError: expected [Health Book] but found [Create Your Own Jewelry]
at org.testng.Assert.fail(Assert.java:99)
at org.testng.Assert.failNotEquals(Assert.java:1037)
at org.testng.Assert.assertEqualsImpl(Assert.java:140)
at org.testng.Assert.assertEquals(Assert.java:122)
at org.testng.Assert.assertEquals(Assert.java:629)
at org.testng.Assert.assertEquals(Assert.java:639)
at com.cucumber.stepDefinitions.Books.product_should_be_added_to_wishlist(Books.java:105)
at âœ½.product should be added to wishlist(file:///C:/Users/User/eclipse-workspace/LearningCucumber/./src/test/java/com/cucumber/features/Books.feature:27)
]]>
    </failure>
  </testcase> <!-- runScenario -->
  <system-out/>
</testsuite> <!-- com.cucumber.runner.CucumberRunner -->
